14-Apr-2025 17:16:32.429 정보 [main] org.apache.catalina.startup.VersionLoggerListener.log 서버 버전 이름:    Apache Tomcat/8.5.100
14-Apr-2025 17:16:32.443 정보 [main] org.apache.catalina.startup.VersionLoggerListener.log Server 빌드 시각:  Mar 19 2024 13:54:42 UTC
14-Apr-2025 17:16:32.444 정보 [main] org.apache.catalina.startup.VersionLoggerListener.log Server 버전 번호:  8.5.100.0
14-Apr-2025 17:16:32.444 정보 [main] org.apache.catalina.startup.VersionLoggerListener.log 운영체제 이름:     Windows 11
14-Apr-2025 17:16:32.445 정보 [main] org.apache.catalina.startup.VersionLoggerListener.log 운영체제 버전:     10.0
14-Apr-2025 17:16:32.445 정보 [main] org.apache.catalina.startup.VersionLoggerListener.log 아키텍처:          amd64
14-Apr-2025 17:16:32.445 정보 [main] org.apache.catalina.startup.VersionLoggerListener.log 자바 홈:           C:\Program Files\Eclipse Adoptium\jdk-8.0.442.6-hotspot\jre
14-Apr-2025 17:16:32.445 정보 [main] org.apache.catalina.startup.VersionLoggerListener.log JVM 버전:          1.8.0_442-b06
14-Apr-2025 17:16:32.446 정보 [main] org.apache.catalina.startup.VersionLoggerListener.log JVM 벤더:          Temurin
14-Apr-2025 17:16:32.446 정보 [main] org.apache.catalina.startup.VersionLoggerListener.log CATALINA_BASE:     D:\webWorkspace\tomcat-8.5\apache-tomcat-8.5.100
14-Apr-2025 17:16:32.446 정보 [main] org.apache.catalina.startup.VersionLoggerListener.log CATALINA_HOME:     D:\webWorkspace\tomcat-8.5\apache-tomcat-8.5.100
14-Apr-2025 17:16:32.446 정보 [main] org.apache.catalina.startup.VersionLoggerListener.log 명령 행 아규먼트:  -Djava.util.logging.config.file=D:\webWorkspace\tomcat-8.5\apache-tomcat-8.5.100\conf\logging.properties
14-Apr-2025 17:16:32.447 정보 [main] org.apache.catalina.startup.VersionLoggerListener.log 명령 행 아규먼트:  -Djava.util.logging.manager=org.apache.juli.ClassLoaderLogManager
14-Apr-2025 17:16:32.447 정보 [main] org.apache.catalina.startup.VersionLoggerListener.log 명령 행 아규먼트:  -Djdk.tls.ephemeralDHKeySize=2048
14-Apr-2025 17:16:32.447 정보 [main] org.apache.catalina.startup.VersionLoggerListener.log 명령 행 아규먼트:  -Djava.protocol.handler.pkgs=org.apache.catalina.webresources
14-Apr-2025 17:16:32.447 정보 [main] org.apache.catalina.startup.VersionLoggerListener.log 명령 행 아규먼트:  -Dignore.endorsed.dirs=
14-Apr-2025 17:16:32.448 정보 [main] org.apache.catalina.startup.VersionLoggerListener.log 명령 행 아규먼트:  -Dcatalina.base=D:\webWorkspace\tomcat-8.5\apache-tomcat-8.5.100
14-Apr-2025 17:16:32.448 정보 [main] org.apache.catalina.startup.VersionLoggerListener.log 명령 행 아규먼트:  -Dcatalina.home=D:\webWorkspace\tomcat-8.5\apache-tomcat-8.5.100
14-Apr-2025 17:16:32.448 정보 [main] org.apache.catalina.startup.VersionLoggerListener.log 명령 행 아규먼트:  -Djava.io.tmpdir=D:\webWorkspace\tomcat-8.5\apache-tomcat-8.5.100\temp
14-Apr-2025 17:16:32.448 정보 [main] org.apache.catalina.core.AprLifecycleListener.lifecycleEvent APR 버전 [1.7.4]을(를) 사용한, APR 기반 Apache Tomcat Native 라이브러리 [1.2.39]을(를) 로드했습니다.
14-Apr-2025 17:16:32.449 정보 [main] org.apache.catalina.core.AprLifecycleListener.lifecycleEvent APR 용량정보들: IPv6 [true], sendfile [true], accept filters [false], random [true], UDS [{4}].
14-Apr-2025 17:16:32.449 정보 [main] org.apache.catalina.core.AprLifecycleListener.lifecycleEvent APR/OpenSSL 설정: useAprConnector [false], useOpenSSL [true]
14-Apr-2025 17:16:32.456 정보 [main] org.apache.catalina.core.AprLifecycleListener.initializeSSL OpenSSL이 성공적으로 초기화되었습니다: [OpenSSL 3.0.11 19 Sep 2023]
14-Apr-2025 17:16:32.520 정보 [main] org.apache.coyote.AbstractProtocol.init 프로토콜 핸들러 ["http-nio-8080"]을(를) 초기화합니다.
14-Apr-2025 17:16:32.528 심각 [main] org.apache.catalina.core.StandardService.initInternal Failed to initialize connector [Connector["http-nio-8080"]]
	org.apache.catalina.LifecycleException: 프로토콜 핸들러 초기화가 실패했습니다.
		at org.apache.catalina.connector.Connector.initInternal(Connector.java:1076)
		at org.apache.catalina.util.LifecycleBase.init(LifecycleBase.java:127)
		at org.apache.catalina.core.StandardService.initInternal(StandardService.java:564)
		at org.apache.catalina.util.LifecycleBase.init(LifecycleBase.java:127)
		at org.apache.catalina.core.StandardServer.initInternal(StandardServer.java:861)
		at org.apache.catalina.util.LifecycleBase.init(LifecycleBase.java:127)
		at org.apache.catalina.startup.Catalina.load(Catalina.java:596)
		at org.apache.catalina.startup.Catalina.load(Catalina.java:619)
		at sun.reflect.NativeMethodAccessorImpl.invoke0(Native Method)
		at sun.reflect.NativeMethodAccessorImpl.invoke(NativeMethodAccessorImpl.java:62)
		at sun.reflect.DelegatingMethodAccessorImpl.invoke(DelegatingMethodAccessorImpl.java:43)
		at java.lang.reflect.Method.invoke(Method.java:498)
		at org.apache.catalina.startup.Bootstrap.load(Bootstrap.java:302)
		at org.apache.catalina.startup.Bootstrap.main(Bootstrap.java:475)
	Caused by: java.net.BindException: Address already in use: bind
		at sun.nio.ch.Net.bind0(Native Method)
		at sun.nio.ch.Net.bind(Net.java:461)
		at sun.nio.ch.Net.bind(Net.java:453)
		at sun.nio.ch.ServerSocketChannelImpl.bind(ServerSocketChannelImpl.java:222)
		at sun.nio.ch.ServerSocketAdaptor.bind(ServerSocketAdaptor.java:85)
		at org.apache.tomcat.util.net.NioEndpoint.initServerSocket(NioEndpoint.java:218)
		at org.apache.tomcat.util.net.NioEndpoint.bind(NioEndpoint.java:194)
		at org.apache.tomcat.util.net.AbstractEndpoint.bindWithCleanup(AbstractEndpoint.java:1328)
		at org.apache.tomcat.util.net.AbstractEndpoint.init(AbstractEndpoint.java:1341)
		at org.apache.tomcat.util.net.AbstractJsseEndpoint.init(AbstractJsseEndpoint.java:241)
		at org.apache.coyote.AbstractProtocol.init(AbstractProtocol.java:695)
		at org.apache.coyote.http11.AbstractHttp11Protocol.init(AbstractHttp11Protocol.java:76)
		at org.apache.catalina.connector.Connector.initInternal(Connector.java:1074)
		... 13 more
14-Apr-2025 17:16:32.530 정보 [main] org.apache.catalina.startup.Catalina.load Initialization processed in 377 ms
14-Apr-2025 17:16:32.583 정보 [main] org.apache.catalina.core.StandardService.startInternal 서비스 [Catalina]을(를) 시작합니다.
14-Apr-2025 17:16:32.583 정보 [main] org.apache.catalina.core.StandardEngine.startInternal 서버 엔진을 시작합니다: [Apache Tomcat/8.5.100]
14-Apr-2025 17:16:32.590 정보 [localhost-startStop-1] org.apache.catalina.startup.HostConfig.deployDirectory 웹 애플리케이션 디렉토리 [D:\webWorkspace\tomcat-8.5\apache-tomcat-8.5.100\webapps\docs]을(를) 배치합니다.
14-Apr-2025 17:16:32.842 경고 [localhost-startStop-1] org.apache.catalina.util.SessionIdGeneratorBase.createSecureRandom [SHA1PRNG] 알고리즘을 사용하여, 세션 ID를 생성하기 위한 SecureRandom 객체를 생성하는데, [115] 밀리초가 소요됐습니다.
14-Apr-2025 17:16:32.858 정보 [localhost-startStop-1] org.apache.catalina.startup.HostConfig.deployDirectory 웹 애플리케이션 디렉토리 [D:\webWorkspace\tomcat-8.5\apache-tomcat-8.5.100\webapps\docs]에 대한 배치가 [268] 밀리초에 완료되었습니다.
14-Apr-2025 17:16:32.858 정보 [localhost-startStop-1] org.apache.catalina.startup.HostConfig.deployDirectory 웹 애플리케이션 디렉토리 [D:\webWorkspace\tomcat-8.5\apache-tomcat-8.5.100\webapps\examples]을(를) 배치합니다.
14-Apr-2025 17:16:33.030 정보 [localhost-startStop-1] org.apache.catalina.startup.HostConfig.deployDirectory 웹 애플리케이션 디렉토리 [D:\webWorkspace\tomcat-8.5\apache-tomcat-8.5.100\webapps\examples]에 대한 배치가 [172] 밀리초에 완료되었습니다.
14-Apr-2025 17:16:33.031 정보 [localhost-startStop-1] org.apache.catalina.startup.HostConfig.deployDirectory 웹 애플리케이션 디렉토리 [D:\webWorkspace\tomcat-8.5\apache-tomcat-8.5.100\webapps\host-manager]을(를) 배치합니다.
14-Apr-2025 17:16:33.048 정보 [localhost-startStop-1] org.apache.catalina.startup.HostConfig.deployDirectory 웹 애플리케이션 디렉토리 [D:\webWorkspace\tomcat-8.5\apache-tomcat-8.5.100\webapps\host-manager]에 대한 배치가 [16] 밀리초에 완료되었습니다.
14-Apr-2025 17:16:33.048 정보 [localhost-startStop-1] org.apache.catalina.startup.HostConfig.deployDirectory 웹 애플리케이션 디렉토리 [D:\webWorkspace\tomcat-8.5\apache-tomcat-8.5.100\webapps\manager]을(를) 배치합니다.
14-Apr-2025 17:16:33.063 정보 [localhost-startStop-1] org.apache.catalina.startup.HostConfig.deployDirectory 웹 애플리케이션 디렉토리 [D:\webWorkspace\tomcat-8.5\apache-tomcat-8.5.100\webapps\manager]에 대한 배치가 [15] 밀리초에 완료되었습니다.
14-Apr-2025 17:16:33.063 정보 [localhost-startStop-1] org.apache.catalina.startup.HostConfig.deployDirectory 웹 애플리케이션 디렉토리 [D:\webWorkspace\tomcat-8.5\apache-tomcat-8.5.100\webapps\ROOT]을(를) 배치합니다.
14-Apr-2025 17:16:33.074 정보 [localhost-startStop-1] org.apache.catalina.startup.HostConfig.deployDirectory 웹 애플리케이션 디렉토리 [D:\webWorkspace\tomcat-8.5\apache-tomcat-8.5.100\webapps\ROOT]에 대한 배치가 [11] 밀리초에 완료되었습니다.
14-Apr-2025 17:16:33.077 정보 [main] org.apache.catalina.startup.Catalina.start Server startup in 547 ms
14-Apr-2025 17:21:05.379 정보 [Thread-2] org.apache.coyote.AbstractProtocol.pause 프로토콜 핸들러 ["http-nio-8080"]을(를) 일시 정지 중
14-Apr-2025 17:21:05.380 정보 [Thread-2] org.apache.catalina.core.StandardService.stopInternal 서비스 [Catalina]을(를) 중지시킵니다.
14-Apr-2025 17:21:05.395 정보 [Thread-2] org.apache.coyote.AbstractProtocol.stop 프로토콜 핸들러 ["http-nio-8080"]을(를) 중지시킵니다.
14-Apr-2025 17:21:05.396 정보 [Thread-2] org.apache.coyote.AbstractProtocol.destroy 프로토콜 핸들러 ["http-nio-8080"]을(를) 소멸시킵니다.
14-Apr-2025 17:21:08.602 정보 [main] org.apache.catalina.startup.VersionLoggerListener.log 서버 버전 이름:    Apache Tomcat/8.5.100
14-Apr-2025 17:21:08.620 정보 [main] org.apache.catalina.startup.VersionLoggerListener.log Server 빌드 시각:  Mar 19 2024 13:54:42 UTC
14-Apr-2025 17:21:08.621 정보 [main] org.apache.catalina.startup.VersionLoggerListener.log Server 버전 번호:  8.5.100.0
14-Apr-2025 17:21:08.621 정보 [main] org.apache.catalina.startup.VersionLoggerListener.log 운영체제 이름:     Windows 11
14-Apr-2025 17:21:08.622 정보 [main] org.apache.catalina.startup.VersionLoggerListener.log 운영체제 버전:     10.0
14-Apr-2025 17:21:08.622 정보 [main] org.apache.catalina.startup.VersionLoggerListener.log 아키텍처:          amd64
14-Apr-2025 17:21:08.622 정보 [main] org.apache.catalina.startup.VersionLoggerListener.log 자바 홈:           C:\Program Files\Eclipse Adoptium\jdk-8.0.442.6-hotspot\jre
14-Apr-2025 17:21:08.622 정보 [main] org.apache.catalina.startup.VersionLoggerListener.log JVM 버전:          1.8.0_442-b06
14-Apr-2025 17:21:08.622 정보 [main] org.apache.catalina.startup.VersionLoggerListener.log JVM 벤더:          Temurin
14-Apr-2025 17:21:08.623 정보 [main] org.apache.catalina.startup.VersionLoggerListener.log CATALINA_BASE:     D:\webWorkspace\tomcat-8.5\apache-tomcat-8.5.100
14-Apr-2025 17:21:08.623 정보 [main] org.apache.catalina.startup.VersionLoggerListener.log CATALINA_HOME:     D:\webWorkspace\tomcat-8.5\apache-tomcat-8.5.100
14-Apr-2025 17:21:08.623 정보 [main] org.apache.catalina.startup.VersionLoggerListener.log 명령 행 아규먼트:  -Djava.util.logging.config.file=D:\webWorkspace\tomcat-8.5\apache-tomcat-8.5.100\conf\logging.properties
14-Apr-2025 17:21:08.624 정보 [main] org.apache.catalina.startup.VersionLoggerListener.log 명령 행 아규먼트:  -Djava.util.logging.manager=org.apache.juli.ClassLoaderLogManager
14-Apr-2025 17:21:08.624 정보 [main] org.apache.catalina.startup.VersionLoggerListener.log 명령 행 아규먼트:  -Djdk.tls.ephemeralDHKeySize=2048
14-Apr-2025 17:21:08.624 정보 [main] org.apache.catalina.startup.VersionLoggerListener.log 명령 행 아규먼트:  -Djava.protocol.handler.pkgs=org.apache.catalina.webresources
14-Apr-2025 17:21:08.625 정보 [main] org.apache.catalina.startup.VersionLoggerListener.log 명령 행 아규먼트:  -Dignore.endorsed.dirs=
14-Apr-2025 17:21:08.625 정보 [main] org.apache.catalina.startup.VersionLoggerListener.log 명령 행 아규먼트:  -Dcatalina.base=D:\webWorkspace\tomcat-8.5\apache-tomcat-8.5.100
14-Apr-2025 17:21:08.626 정보 [main] org.apache.catalina.startup.VersionLoggerListener.log 명령 행 아규먼트:  -Dcatalina.home=D:\webWorkspace\tomcat-8.5\apache-tomcat-8.5.100
14-Apr-2025 17:21:08.626 정보 [main] org.apache.catalina.startup.VersionLoggerListener.log 명령 행 아규먼트:  -Djava.io.tmpdir=D:\webWorkspace\tomcat-8.5\apache-tomcat-8.5.100\temp
14-Apr-2025 17:21:08.626 정보 [main] org.apache.catalina.core.AprLifecycleListener.lifecycleEvent APR 버전 [1.7.4]을(를) 사용한, APR 기반 Apache Tomcat Native 라이브러리 [1.2.39]을(를) 로드했습니다.
14-Apr-2025 17:21:08.626 정보 [main] org.apache.catalina.core.AprLifecycleListener.lifecycleEvent APR 용량정보들: IPv6 [true], sendfile [true], accept filters [false], random [true], UDS [{4}].
14-Apr-2025 17:21:08.626 정보 [main] org.apache.catalina.core.AprLifecycleListener.lifecycleEvent APR/OpenSSL 설정: useAprConnector [false], useOpenSSL [true]
14-Apr-2025 17:21:08.632 정보 [main] org.apache.catalina.core.AprLifecycleListener.initializeSSL OpenSSL이 성공적으로 초기화되었습니다: [OpenSSL 3.0.11 19 Sep 2023]
14-Apr-2025 17:21:08.694 정보 [main] org.apache.coyote.AbstractProtocol.init 프로토콜 핸들러 ["http-nio-8080"]을(를) 초기화합니다.
14-Apr-2025 17:21:08.709 정보 [main] org.apache.catalina.startup.Catalina.load Initialization processed in 380 ms
14-Apr-2025 17:21:08.774 정보 [main] org.apache.catalina.core.StandardService.startInternal 서비스 [Catalina]을(를) 시작합니다.
14-Apr-2025 17:21:08.774 정보 [main] org.apache.catalina.core.StandardEngine.startInternal 서버 엔진을 시작합니다: [Apache Tomcat/8.5.100]
14-Apr-2025 17:21:08.781 정보 [localhost-startStop-1] org.apache.catalina.startup.HostConfig.deployDirectory 웹 애플리케이션 디렉토리 [D:\webWorkspace\tomcat-8.5\apache-tomcat-8.5.100\webapps\docs]을(를) 배치합니다.
14-Apr-2025 17:21:09.060 경고 [localhost-startStop-1] org.apache.catalina.util.SessionIdGeneratorBase.createSecureRandom [SHA1PRNG] 알고리즘을 사용하여, 세션 ID를 생성하기 위한 SecureRandom 객체를 생성하는데, [124] 밀리초가 소요됐습니다.
14-Apr-2025 17:21:09.074 정보 [localhost-startStop-1] org.apache.catalina.startup.HostConfig.deployDirectory 웹 애플리케이션 디렉토리 [D:\webWorkspace\tomcat-8.5\apache-tomcat-8.5.100\webapps\docs]에 대한 배치가 [293] 밀리초에 완료되었습니다.
14-Apr-2025 17:21:09.074 정보 [localhost-startStop-1] org.apache.catalina.startup.HostConfig.deployDirectory 웹 애플리케이션 디렉토리 [D:\webWorkspace\tomcat-8.5\apache-tomcat-8.5.100\webapps\examples]을(를) 배치합니다.
14-Apr-2025 17:21:09.249 정보 [localhost-startStop-1] org.apache.catalina.startup.HostConfig.deployDirectory 웹 애플리케이션 디렉토리 [D:\webWorkspace\tomcat-8.5\apache-tomcat-8.5.100\webapps\examples]에 대한 배치가 [175] 밀리초에 완료되었습니다.
14-Apr-2025 17:21:09.250 정보 [localhost-startStop-1] org.apache.catalina.startup.HostConfig.deployDirectory 웹 애플리케이션 디렉토리 [D:\webWorkspace\tomcat-8.5\apache-tomcat-8.5.100\webapps\host-manager]을(를) 배치합니다.
14-Apr-2025 17:21:09.266 정보 [localhost-startStop-1] org.apache.catalina.startup.HostConfig.deployDirectory 웹 애플리케이션 디렉토리 [D:\webWorkspace\tomcat-8.5\apache-tomcat-8.5.100\webapps\host-manager]에 대한 배치가 [16] 밀리초에 완료되었습니다.
14-Apr-2025 17:21:09.267 정보 [localhost-startStop-1] org.apache.catalina.startup.HostConfig.deployDirectory 웹 애플리케이션 디렉토리 [D:\webWorkspace\tomcat-8.5\apache-tomcat-8.5.100\webapps\manager]을(를) 배치합니다.
14-Apr-2025 17:21:09.282 정보 [localhost-startStop-1] org.apache.catalina.startup.HostConfig.deployDirectory 웹 애플리케이션 디렉토리 [D:\webWorkspace\tomcat-8.5\apache-tomcat-8.5.100\webapps\manager]에 대한 배치가 [15] 밀리초에 완료되었습니다.
14-Apr-2025 17:21:09.283 정보 [localhost-startStop-1] org.apache.catalina.startup.HostConfig.deployDirectory 웹 애플리케이션 디렉토리 [D:\webWorkspace\tomcat-8.5\apache-tomcat-8.5.100\webapps\ROOT]을(를) 배치합니다.
14-Apr-2025 17:21:09.294 정보 [localhost-startStop-1] org.apache.catalina.startup.HostConfig.deployDirectory 웹 애플리케이션 디렉토리 [D:\webWorkspace\tomcat-8.5\apache-tomcat-8.5.100\webapps\ROOT]에 대한 배치가 [11] 밀리초에 완료되었습니다.
14-Apr-2025 17:21:09.296 정보 [main] org.apache.coyote.AbstractProtocol.start 프로토콜 핸들러 ["http-nio-8080"]을(를) 시작합니다.
14-Apr-2025 17:21:09.308 정보 [main] org.apache.catalina.startup.Catalina.start Server startup in 598 ms
14-Apr-2025 17:23:24.571 정보 [main] org.apache.catalina.startup.VersionLoggerListener.log 서버 버전 이름:    Apache Tomcat/8.5.100
14-Apr-2025 17:23:24.590 정보 [main] org.apache.catalina.startup.VersionLoggerListener.log Server 빌드 시각:  Mar 19 2024 13:54:42 UTC
14-Apr-2025 17:23:24.590 정보 [main] org.apache.catalina.startup.VersionLoggerListener.log Server 버전 번호:  8.5.100.0
14-Apr-2025 17:23:24.590 정보 [main] org.apache.catalina.startup.VersionLoggerListener.log 운영체제 이름:     Windows 11
14-Apr-2025 17:23:24.590 정보 [main] org.apache.catalina.startup.VersionLoggerListener.log 운영체제 버전:     10.0
14-Apr-2025 17:23:24.591 정보 [main] org.apache.catalina.startup.VersionLoggerListener.log 아키텍처:          amd64
14-Apr-2025 17:23:24.591 정보 [main] org.apache.catalina.startup.VersionLoggerListener.log 자바 홈:           C:\Program Files\Eclipse Adoptium\jdk-8.0.442.6-hotspot\jre
14-Apr-2025 17:23:24.591 정보 [main] org.apache.catalina.startup.VersionLoggerListener.log JVM 버전:          1.8.0_442-b06
14-Apr-2025 17:23:24.591 정보 [main] org.apache.catalina.startup.VersionLoggerListener.log JVM 벤더:          Temurin
14-Apr-2025 17:23:24.591 정보 [main] org.apache.catalina.startup.VersionLoggerListener.log CATALINA_BASE:     D:\webWorkspace\tomcat-8.5\apache-tomcat-8.5.100
14-Apr-2025 17:23:24.592 정보 [main] org.apache.catalina.startup.VersionLoggerListener.log CATALINA_HOME:     D:\webWorkspace\tomcat-8.5\apache-tomcat-8.5.100
14-Apr-2025 17:23:24.592 정보 [main] org.apache.catalina.startup.VersionLoggerListener.log 명령 행 아규먼트:  -Djava.util.logging.config.file=D:\webWorkspace\tomcat-8.5\apache-tomcat-8.5.100\conf\logging.properties
14-Apr-2025 17:23:24.592 정보 [main] org.apache.catalina.startup.VersionLoggerListener.log 명령 행 아규먼트:  -Djava.util.logging.manager=org.apache.juli.ClassLoaderLogManager
14-Apr-2025 17:23:24.592 정보 [main] org.apache.catalina.startup.VersionLoggerListener.log 명령 행 아규먼트:  -Djdk.tls.ephemeralDHKeySize=2048
14-Apr-2025 17:23:24.592 정보 [main] org.apache.catalina.startup.VersionLoggerListener.log 명령 행 아규먼트:  -Djava.protocol.handler.pkgs=org.apache.catalina.webresources
14-Apr-2025 17:23:24.593 정보 [main] org.apache.catalina.startup.VersionLoggerListener.log 명령 행 아규먼트:  -Dignore.endorsed.dirs=
14-Apr-2025 17:23:24.593 정보 [main] org.apache.catalina.startup.VersionLoggerListener.log 명령 행 아규먼트:  -Dcatalina.base=D:\webWorkspace\tomcat-8.5\apache-tomcat-8.5.100
14-Apr-2025 17:23:24.593 정보 [main] org.apache.catalina.startup.VersionLoggerListener.log 명령 행 아규먼트:  -Dcatalina.home=D:\webWorkspace\tomcat-8.5\apache-tomcat-8.5.100
14-Apr-2025 17:23:24.593 정보 [main] org.apache.catalina.startup.VersionLoggerListener.log 명령 행 아규먼트:  -Djava.io.tmpdir=D:\webWorkspace\tomcat-8.5\apache-tomcat-8.5.100\temp
14-Apr-2025 17:23:24.594 정보 [main] org.apache.catalina.core.AprLifecycleListener.lifecycleEvent APR 버전 [1.7.4]을(를) 사용한, APR 기반 Apache Tomcat Native 라이브러리 [1.2.39]을(를) 로드했습니다.
14-Apr-2025 17:23:24.594 정보 [main] org.apache.catalina.core.AprLifecycleListener.lifecycleEvent APR 용량정보들: IPv6 [true], sendfile [true], accept filters [false], random [true], UDS [{4}].
14-Apr-2025 17:23:24.594 정보 [main] org.apache.catalina.core.AprLifecycleListener.lifecycleEvent APR/OpenSSL 설정: useAprConnector [false], useOpenSSL [true]
14-Apr-2025 17:23:24.600 정보 [main] org.apache.catalina.core.AprLifecycleListener.initializeSSL OpenSSL이 성공적으로 초기화되었습니다: [OpenSSL 3.0.11 19 Sep 2023]
14-Apr-2025 17:23:24.663 정보 [main] org.apache.coyote.AbstractProtocol.init 프로토콜 핸들러 ["http-nio-7080"]을(를) 초기화합니다.
14-Apr-2025 17:23:24.679 정보 [main] org.apache.catalina.startup.Catalina.load Initialization processed in 378 ms
14-Apr-2025 17:23:24.735 정보 [main] org.apache.catalina.core.StandardService.startInternal 서비스 [Catalina]을(를) 시작합니다.
14-Apr-2025 17:23:24.736 정보 [main] org.apache.catalina.core.StandardEngine.startInternal 서버 엔진을 시작합니다: [Apache Tomcat/8.5.100]
14-Apr-2025 17:23:24.741 정보 [localhost-startStop-1] org.apache.catalina.startup.HostConfig.deployDirectory 웹 애플리케이션 디렉토리 [D:\webWorkspace\tomcat-8.5\apache-tomcat-8.5.100\webapps\docs]을(를) 배치합니다.
14-Apr-2025 17:23:24.996 경고 [localhost-startStop-1] org.apache.catalina.util.SessionIdGeneratorBase.createSecureRandom [SHA1PRNG] 알고리즘을 사용하여, 세션 ID를 생성하기 위한 SecureRandom 객체를 생성하는데, [118] 밀리초가 소요됐습니다.
14-Apr-2025 17:23:25.011 정보 [localhost-startStop-1] org.apache.catalina.startup.HostConfig.deployDirectory 웹 애플리케이션 디렉토리 [D:\webWorkspace\tomcat-8.5\apache-tomcat-8.5.100\webapps\docs]에 대한 배치가 [270] 밀리초에 완료되었습니다.
14-Apr-2025 17:23:25.012 정보 [localhost-startStop-1] org.apache.catalina.startup.HostConfig.deployDirectory 웹 애플리케이션 디렉토리 [D:\webWorkspace\tomcat-8.5\apache-tomcat-8.5.100\webapps\examples]을(를) 배치합니다.
14-Apr-2025 17:23:25.197 정보 [localhost-startStop-1] org.apache.catalina.startup.HostConfig.deployDirectory 웹 애플리케이션 디렉토리 [D:\webWorkspace\tomcat-8.5\apache-tomcat-8.5.100\webapps\examples]에 대한 배치가 [185] 밀리초에 완료되었습니다.
14-Apr-2025 17:23:25.197 정보 [localhost-startStop-1] org.apache.catalina.startup.HostConfig.deployDirectory 웹 애플리케이션 디렉토리 [D:\webWorkspace\tomcat-8.5\apache-tomcat-8.5.100\webapps\host-manager]을(를) 배치합니다.
14-Apr-2025 17:23:25.215 정보 [localhost-startStop-1] org.apache.catalina.startup.HostConfig.deployDirectory 웹 애플리케이션 디렉토리 [D:\webWorkspace\tomcat-8.5\apache-tomcat-8.5.100\webapps\host-manager]에 대한 배치가 [18] 밀리초에 완료되었습니다.
14-Apr-2025 17:23:25.215 정보 [localhost-startStop-1] org.apache.catalina.startup.HostConfig.deployDirectory 웹 애플리케이션 디렉토리 [D:\webWorkspace\tomcat-8.5\apache-tomcat-8.5.100\webapps\manager]을(를) 배치합니다.
14-Apr-2025 17:23:25.231 정보 [localhost-startStop-1] org.apache.catalina.startup.HostConfig.deployDirectory 웹 애플리케이션 디렉토리 [D:\webWorkspace\tomcat-8.5\apache-tomcat-8.5.100\webapps\manager]에 대한 배치가 [16] 밀리초에 완료되었습니다.
14-Apr-2025 17:23:25.231 정보 [localhost-startStop-1] org.apache.catalina.startup.HostConfig.deployDirectory 웹 애플리케이션 디렉토리 [D:\webWorkspace\tomcat-8.5\apache-tomcat-8.5.100\webapps\ROOT]을(를) 배치합니다.
14-Apr-2025 17:23:25.242 정보 [localhost-startStop-1] org.apache.catalina.startup.HostConfig.deployDirectory 웹 애플리케이션 디렉토리 [D:\webWorkspace\tomcat-8.5\apache-tomcat-8.5.100\webapps\ROOT]에 대한 배치가 [11] 밀리초에 완료되었습니다.
14-Apr-2025 17:23:25.246 정보 [main] org.apache.coyote.AbstractProtocol.start 프로토콜 핸들러 ["http-nio-7080"]을(를) 시작합니다.
14-Apr-2025 17:23:25.259 정보 [main] org.apache.catalina.startup.Catalina.start Server startup in 580 ms
14-Apr-2025 17:24:40.136 심각 [main] org.apache.catalina.startup.Catalina.stopServer [localhost:8005] (base 포트 [8005] 그리고 offset [0])와(과) 연결할 수 없었습니다. Tomcat이 실행 중이지 않을 수 있습니다.
